----------------------------------------
Timestamp: 17-06-2013 16:04:13

Message: There is no explicit mapping for the categories 'Information'. The log entry was: 
Timestamp: 17-06-2013 16:04:12
Message: A carregar a aplicacao
Category: Information
Priority: 2
EventId: 1150
Severity: Information
Title:BackEndApplication Information
Machine: URIEL
App Domain: BackEndAplication.vshost.exe
ProcessId: 3144
Process Name: C:\Users\joao\Documents\ifelse\code\pbackend\BackEndAplication\BackEndAplication\bin\Release\BackEndAplication.vshost.exe
Thread Name: 
Win32 ThreadId:6444
Extended Properties: 

Category: 

Priority: -1

EventId: 6352

Severity: Error

Title:

Machine: URIEL

App Domain: BackEndAplication.vshost.exe

ProcessId: 3144

Process Name: C:\Users\joao\Documents\ifelse\code\pbackend\BackEndAplication\BackEndAplication\bin\Release\BackEndAplication.vshost.exe

Thread Name: 

Win32 ThreadId:6444

Extended Properties: 
----------------------------------------
----------------------------------------
Timestamp: 17-06-2013 17:43:01

Message: There is no explicit mapping for the categories 'Information'. The log entry was: 
Timestamp: 17-06-2013 17:43:01
Message: A carregar a aplicacao
Category: Information
Priority: 2
EventId: 1150
Severity: Information
Title:BackEndApplication Information
Machine: URIEL
App Domain: BackEndAplication.vshost.exe
ProcessId: 6344
Process Name: C:\Users\joao\Documents\ifelse\code\pbackend\BackEndAplication\BackEndAplication\bin\Release\BackEndAplication.vshost.exe
Thread Name: 
Win32 ThreadId:5688
Extended Properties: 

Category: 

Priority: -1

EventId: 6352

Severity: Error

Title:

Machine: URIEL

App Domain: BackEndAplication.vshost.exe

ProcessId: 6344

Process Name: C:\Users\joao\Documents\ifelse\code\pbackend\BackEndAplication\BackEndAplication\bin\Release\BackEndAplication.vshost.exe

Thread Name: 

Win32 ThreadId:5688

Extended Properties: 
----------------------------------------
