----------------------------------------
Timestamp: 26-05-2013 00:46:43

Message: There is no explicit mapping for the categories 'Information'. The log entry was: 
Timestamp: 26-05-2013 00:46:42
Message: A carregar a aplicacao
Category: Information
Priority: 2
EventId: 1150
Severity: Information
Title:BackEndApplication Information
Machine: URIEL
App Domain: BackEndAplication.vshost.exe
ProcessId: 3836
Process Name: C:\Users\joao\Documents\Visual Studio 2010\Projects\BackEndAplication\BackEndAplication\bin\Debug\BackEndAplication.vshost.exe
Thread Name: 
Win32 ThreadId:4220
Extended Properties: 

Category: 

Priority: -1

EventId: 6352

Severity: Error

Title:

Machine: URIEL

App Domain: BackEndAplication.vshost.exe

ProcessId: 3836

Process Name: C:\Users\joao\Documents\Visual Studio 2010\Projects\BackEndAplication\BackEndAplication\bin\Debug\BackEndAplication.vshost.exe

Thread Name: 

Win32 ThreadId:4220

Extended Properties: 
----------------------------------------
